C51 COMPILER V9.60.0.0   119                                                               05/24/2021 16:25:56 PAGE 1   


C51 COMPILER V9.60.0.0, COMPILATION OF MODULE 119
OBJECT MODULE PLACED IN .\Objects\119.obj
COMPILER INVOKED BY: A:\Keil\C51\BIN\C51.EXE 119.c OPTIMIZE(8,SPEED) BROWSE DEBUG OBJECTEXTEND PRINT(.\Listings\119.lst)
                    - TABS(2) OBJECT(.\Objects\119.obj)

line level    source

   1          #include <reg51.h>
   2          void Tx(unsigned char x);
   3          
   4          void main()
   5          {
   6   1        SCON=0x40;
   7   1        TR1=0;
   8   1        TMOD=0x20;
   9   1        TH1=-6;
  10   1        TL1=TH1;
  11   1        TR1=1;
  12   1        TI=0;
  13   1        while(1)
  14   1        {
  15   2          Tx('A');
  16   2        }
  17   1      }
  18          
  19          void Tx(unsigned char x)
  20          {
  21   1        SBUF = x;
  22   1        while(TI==0);
  23   1        TI=0;
  24   1      }


MODULE INFORMATION:   STATIC OVERLAYABLE
   CODE SIZE        =     33    ----
   CONSTANT SIZE    =   ----    ----
   XDATA SIZE       =   ----    ----
   PDATA SIZE       =   ----    ----
   DATA SIZE        =   ----    ----
   IDATA SIZE       =   ----    ----
   BIT SIZE         =   ----    ----
END OF MODULE INFORMATION.


C51 COMPILATION COMPLETE.  0 WARNING(S),  0 ERROR(S)
